=== 2nd-level: 34 nested zips ===
OK    강동구_신규/강동구 양재대로95길 36-9, 성지빌라(성내동 404-10)/[사진] 강동구 양재대로95길 36-9, 성지빌라(성내동 404-10).zip -> 33 photos
OK    강동구_신규/강동구 천중로35나길 16-9, 한울빌(천호동 86-36)/[사진] 강동구 천중로35나길 16-9, 한울빌(천호동 86-36).zip -> 33 photos
OK    강동구_재공급/강동구 상암로41길 75-11, 초행지붕 천호(천호동 27-18)/[사진] 강동구 상암로41길 75-11, 초행지붕 천호(천호동 27-18).zip -> 32 photos
OK    강동구_재공급/강동구 양재대로95길 36-5, 오성파크(성내동 404-14)/[사진] 강동구 양재대로95길 36-5, 오성파크(성내동 404-14).zip -> 34 photos
OK    강동구_재공급/강동구 진황도로27가길 29, 펠리체65(천호동 191-13)/[사진] 강동구 진황도로27가길 29, 펠리체65(천호동 191-13).zip -> 12 photos
OK    강동구_재공급/강동구 천중로 157, 스테이온(천호동 55-43)/[사진] 강동구 천중로 157, 스테이온(천호동 55-43).zip -> 40 photos
OK    강동구_재공급/강동구 풍성로42길 12, 희망(성내동 521-3)/[사진] 강동구 풍성로42길 12, 희망(성내동 521-3).zip -> 29 photos
OK    강북구_신규/강북구 노해로27길 39-6, 초행지붕-수유2(수유동 252-22)/[사진] 강북구 노해로27길 39-6, 초행지붕-수유2(수유동 252-22).Zip -> 15 photos
OK    강북구_재공급/강북구 도봉로61길 5, 미아 에스하임(미아동 1373)/[사진] 강북구 도봉로61길 5, 미아 에스하임(미아동 1373).zip -> 62 photos
OK    강북구_재공급/강북구 수유로 53-22, 더이룸하우스(수유동 134-44외)/수유동.zip -> 4 photos
OK    강북구_재공급/강북구 인수봉로79길 12-4, (수유동 560-2)/[사진] 강북구 인수봉로79길 12-4, (수유동 560-2).zip -> 98 photos
OK    강서구_신규/강서구 강서로18바길 8-18, 레인트리(화곡동 155-22)/[사진] 강서구 강서로18바길 8-18, 레인트리(화곡동 155-22).Zip -> 1 photos
OK    관악구_신규/관악구 남부순환로168가길 25, 호거나우(신림동 1609-18)/[사진] 관악구 남부순환로168가길 25, 호거나우(신림동 1609-18).Zip -> 29 photos
OK    관악구_재공급/관악구 남부순환로 1524, 한별 #6(신림동 1571-12)/[사진] 관악구 남부순환로 1524, 한별 #6(신림동 1571-12).zip -> 64 photos
OK    관악구_재공급/관악구 법원단지5길 50, 청춘가옥(신림동 598-129)/[사진] 관악구 법원단지5길 50, 청춘가옥(신림동 598-129).zip -> 11 photos
OK    광진구_신규/광진구 능동로34길 152, 능동에스하임Ⅱ(능동 467)/[사진] 광진구 능동로34길 152, 능동에스하임Ⅱ(능동467).zip -> 38 photos
OK    광진구_재공급/광진구 영화사로 35-3, 더 하임(중곡동 88-20외)/[사진] 광진구 영화사로 35-3, 더 하임(중곡동 88-20외).zip -> 5 photos
OK    광진구_재공급/광진구 천호대로135길 16, (구의동 57-17)/[사진] 광진구 천호대로135길 16, (구의동 57-17).zip -> 22 photos
OK    구로구_재공급/구로구 경인로47다길 20-3, 아이빌11차(고척동 57-19)/[사진] 구로구 경인로47다길 20-3, 아이빌11차(고척동 57-19).zip -> 98 photos
OK    구로구_재공급/구로구 오리로22나길 16-50, 예하임(궁동 134-7)/[사진] 구로구 오리로22나길 16-50, 예하임(궁동 134-7).zip -> 37 photos
OK    금천구_재공급/금천구 탑골로7길 11, 은슬림10(시흥동 220-116)/[사진] 금천구 탑골로7길 11, 은슬림10(시흥동 220-116).zip -> 33 photos
OK    도봉구_신규/도봉구 마들로 694, SAMWOO(도봉동 634-21)/[사진] 도봉구 마들로 694, SAMWOO(도봉동 634-21).zip -> 53 photos
OK    동작구_신규/동작구 국사봉10길 71-1, 아트라움 101동, 102동(상도동 301-14)/[사진] 동작구 국사봉10길 71-1, 아트라움 101동,102동(상도동 301-14).zip -> 45 photos
OK    마포구_신규/마포구 월드컵로31길 57, 망원 에스하임(망원동 526)/[사진] 마포구 월드컵로31길 57, 망원 에스하임(망원동 526).zip -> 34 photos
OK    서초구_신규/서초구 언남18길 16, 희준빌 주건축물제1동(양재동 280-4)/[사진] 서초구 언남18길 16, 희준빌 주건축물제1동(양재동 280-4).zip -> 36 photos
OK    성동구_재공급/성동구 가람길 267, (용답동 238-7)/[사진] 성동구 가람길 267, (용답동 238-7).zip -> 27 photos
OK    송파구_재공급/송파구 동남로2길 21-17 , WISH(문정동 48-9)/[사진] 송파구 동남로2길 21-17 , WISH(문정동 48-9).zip -> 22 photos
OK    송파구_재공급/송파구 올림픽로12길 52-8, 영스테이(잠실동 214-6)/[사진] 송파구 올림픽로12길 52-8, 영스테이(잠실동 214-6).zip -> 9 photos
OK    영등포구_재공급/영등포구 가마산로46가길 5,  민하우스2(대림동 680-3)/[사진] 영등포구 가마산로46가길 5,  민하우스2(대림동 680-3).zip -> 10 photos
OK    영등포구_재공급/영등포구 대림로 203, SW740(대림동 740-2)/[사진] 영등포구 대림로 203, SW740(대림동 740-2).zip -> 21 photos
OK    은평구_신규/은평구 응암로29길 13, 주건축물제1동(응암동 120-40)/[사진] 은평구 응암로29길 13, 주건축물제1동(응암동 120-40).zip -> 19 photos
OK    은평구_신규/은평구 응암로29길 15-16, 비엔트(응암동 121-56)/[사진]은평구 응암로29길 15-16, 비엔트(응암동 121-56).zip -> 53 photos
OK    은평구_신규/은평구 통일로85길 13, 삼화에코빌(갈현동 406-32)/[사진] 은평구 통일로85길 13, 삼화에코빌(갈현동 406-32).zip -> 46 photos
OK    중랑구_재공급/중랑구 면목로54길 32, 성지캐슬(면목동 456-55)/[사진] 중랑구 면목로54길 32, 성지캐슬(면목동 456-55).zip -> 45 photos
=== 2nd-level done: 34 ok, 0 failed, 1150 files extracted ===
